c:\users\aryab\downloads\releasebutton\releasebutton\releasebutton\x64\release\releasebutton.pch
c:\users\aryab\downloads\releasebutton\releasebutton\releasebutton\x64\release\vc143.pdb
c:\users\aryab\downloads\releasebutton\releasebutton\releasebutton\x64\release\stdafx.obj
c:\users\aryab\downloads\releasebutton\releasebutton\releasebutton\x64\release\releasebuttondlg.obj
c:\users\aryab\downloads\releasebutton\releasebutton\releasebutton\x64\release\releasebutton.obj
c:\users\aryab\downloads\releasebutton\releasebutton\releasebutton\x64\release\fujisdk.obj
c:\users\aryab\downloads\releasebutton\releasebutton\releasebutton\x64\release\cameracontrol.obj
c:\users\aryab\downloads\releasebutton\releasebutton\x64\release\releasebutton.exe
c:\users\aryab\downloads\releasebutton\releasebutton\x64\release\releasebutton.pdb
c:\users\aryab\downloads\releasebutton\releasebutton\releasebutton\x64\release\releasebutton.res
c:\users\aryab\downloads\releasebutton\releasebutton\x64\release\releasebutton.lib
c:\users\aryab\downloads\releasebutton\releasebutton\x64\release\releasebutton.exp
c:\users\aryab\downloads\releasebutton\releasebutton\releasebutton\x64\release\releasebutton.ipdb
c:\users\aryab\downloads\releasebutton\releasebutton\releasebutton\x64\release\releasebutton.iobj
c:\users\aryab\downloads\releasebutton\releasebutton\releasebutton\x64\release\releasebutton.tlog\cl.command.1.tlog
c:\users\aryab\downloads\releasebutton\releasebutton\releasebutton\x64\release\releasebutton.tlog\cl.items.tlog
c:\users\aryab\downloads\releasebutton\releasebutton\releasebutton\x64\release\releasebutton.tlog\cl.read.1.tlog
c:\users\aryab\downloads\releasebutton\releasebutton\releasebutton\x64\release\releasebutton.tlog\cl.write.1.tlog
c:\users\aryab\downloads\releasebutton\releasebutton\releasebutton\x64\release\releasebutton.tlog\link.command.1.tlog
c:\users\aryab\downloads\releasebutton\releasebutton\releasebutton\x64\release\releasebutton.tlog\link.read.1.tlog
c:\users\aryab\downloads\releasebutton\releasebutton\releasebutton\x64\release\releasebutton.tlog\link.secondary.1.tlog
c:\users\aryab\downloads\releasebutton\releasebutton\releasebutton\x64\release\releasebutton.tlog\link.write.1.tlog
c:\users\aryab\downloads\releasebutton\releasebutton\releasebutton\x64\release\releasebutton.tlog\rc.command.1.tlog
c:\users\aryab\downloads\releasebutton\releasebutton\releasebutton\x64\release\releasebutton.tlog\rc.read.1.tlog
c:\users\aryab\downloads\releasebutton\releasebutton\releasebutton\x64\release\releasebutton.tlog\rc.write.1.tlog
